<?xml version="1.0" encoding="UTF-8"?>
<coverage generated="1569841323429" clover="3.2.0">
  <project timestamp="1569841323429" name="All files">
    <metrics statements="24" coveredstatements="9" conditionals="6" coveredconditionals="2" methods="14" coveredmethods="2" elements="44" coveredelements="13" complexity="0" loc="24" ncloc="24" packages="1" files="2" classes="2"/>
    <file name="commom-types.ts" path="/home/erickalmeida/dev/typeorm-revisions/src/commom-types.ts">
      <metrics statements="7" coveredstatements="7" conditionals="2" coveredconditionals="2" methods="2" coveredmethods="2"/>
      <line num="1" count="1" type="stmt"/>
      <line num="3" count="1" type="cond" truecount="2" falsecount="0"/>
      <line num="4" count="1" type="stmt"/>
      <line num="5" count="1" type="stmt"/>
      <line num="6" count="1" type="stmt"/>
      <line num="10" count="1" type="stmt"/>
      <line num="11" count="2" type="stmt"/>
    </file>
    <file name="subscriber.ts" path="/home/erickalmeida/dev/typeorm-revisions/src/subscriber.ts">
      <metrics statements="17" coveredstatements="2" conditionals="4" coveredconditionals="0" methods="12" coveredmethods="0"/>
      <line num="2" count="1" type="stmt"/>
      <line num="4" count="1" type="stmt"/>
      <line num="26" count="0" type="stmt"/>
      <line num="29" count="0" type="stmt"/>
      <line num="33" count="0" type="stmt"/>
      <line num="44" count="0" type="stmt"/>
      <line num="55" count="0" type="stmt"/>
      <line num="73" count="0" type="cond" truecount="0" falsecount="4"/>
      <line num="74" count="0" type="stmt"/>
      <line num="77" count="0" type="stmt"/>
      <line num="78" count="0" type="stmt"/>
      <line num="80" count="0" type="stmt"/>
      <line num="81" count="0" type="stmt"/>
      <line num="82" count="0" type="stmt"/>
      <line num="85" count="0" type="stmt"/>
      <line num="86" count="0" type="stmt"/>
      <line num="87" count="0" type="stmt"/>
    </file>
  </project>
</coverage>
