{"total": {"lines":{"total":24,"covered":9,"skipped":0,"pct":37.5},"statements":{"total":24,"covered":9,"skipped":0,"pct":37.5},"functions":{"total":14,"covered":2,"skipped":0,"pct":14.29},"branches":{"total":6,"covered":2,"skipped":0,"pct":33.33}}
,"/home/erickalmeida/dev/typeorm-revisions/src/commom-types.ts": {"lines":{"total":7,"covered":7,"skipped":0,"pct":100},"functions":{"total":2,"covered":2,"skipped":0,"pct":100},"statements":{"total":7,"covered":7,"skipped":0,"pct":100},"branches":{"total":2,"covered":2,"skipped":0,"pct":100}}
,"/home/erickalmeida/dev/typeorm-revisions/src/subscriber.ts": {"lines":{"total":17,"covered":2,"skipped":0,"pct":11.76},"functions":{"total":12,"covered":0,"skipped":0,"pct":0},"statements":{"total":17,"covered":2,"skipped":0,"pct":11.76},"branches":{"total":4,"covered":0,"skipped":0,"pct":0}}
}
