TN:
SF:/home/erickalmeida/dev/typeorm-revisions/src/commom-types.ts
FN:3,(anonymous_0)
FN:10,HistoryActionColumn
FNF:2
FNH:2
FNDA:1,(anonymous_0)
FNDA:2,HistoryActionColumn
DA:1,1
DA:3,1
DA:4,1
DA:5,1
DA:6,1
DA:10,1
DA:11,2
LF:7
LH:7
BRDA:3,0,0,1
BRDA:3,0,1,1
BRF:2
BRH:2
end_of_record
TN:
SF:/home/erickalmeida/dev/typeorm-revisions/src/subscriber.ts
FN:7,(anonymous_7)
FN:9,(anonymous_8)
FN:11,(anonymous_9)
FN:13,(anonymous_10)
FN:15,(anonymous_11)
FN:17,(anonymous_12)
FN:25,(anonymous_13)
FN:28,(anonymous_14)
FN:32,(anonymous_15)
FN:43,(anonymous_17)
FN:54,(anonymous_19)
FN:65,(anonymous_21)
FNF:12
FNH:0
FNDA:0,(anonymous_7)
FNDA:0,(anonymous_8)
FNDA:0,(anonymous_9)
FNDA:0,(anonymous_10)
FNDA:0,(anonymous_11)
FNDA:0,(anonymous_12)
FNDA:0,(anonymous_13)
FNDA:0,(anonymous_14)
FNDA:0,(anonymous_15)
FNDA:0,(anonymous_17)
FNDA:0,(anonymous_19)
FNDA:0,(anonymous_21)
DA:2,1
DA:4,1
DA:26,0
DA:29,0
DA:33,0
DA:44,0
DA:55,0
DA:73,0
DA:74,0
DA:77,0
DA:78,0
DA:80,0
DA:81,0
DA:82,0
DA:85,0
DA:86,0
DA:87,0
LF:17
LH:2
BRDA:73,0,0,0
BRDA:73,0,1,0
BRDA:73,1,0,0
BRDA:73,1,1,0
BRF:4
BRH:0
end_of_record
